TN:
SF:controllers\user.js
FN:4,(anonymous_0)
FNF:1
FNH:1
FNDA:3,(anonymous_0)
DA:1,1
DA:2,1
DA:4,1
DA:6,3
DA:7,3
DA:8,2
DA:9,1
DA:10,1
DA:11,1
DA:21,1
DA:22,1
LF:11
LH:11
BRDA:8,0,0,1
BRDA:8,0,1,1
BRDA:10,1,0,1
BRDA:10,1,1,0
BRF:4
BRH:3
end_of_record
TN:
SF:middlewares\index.js
FN:1,(anonymous_0)
FN:10,(anonymous_1)
FNF:2
FNH:2
FNDA:2,(anonymous_0)
FNDA:2,(anonymous_1)
DA:1,1
DA:2,2
DA:4,1
DA:6,1
DA:10,1
DA:11,2
DA:12,1
DA:14,1
DA:15,1
LF:9
LH:9
BRDA:2,0,0,1
BRDA:2,0,1,1
BRDA:11,1,0,1
BRDA:11,1,1,1
BRF:4
BRH:4
end_of_record
TN:
SF:models\user.js
FN:4,(anonymous_0)
FN:43,(anonymous_1)
FNF:2
FNH:2
FNDA:1,(anonymous_0)
FNDA:1,(anonymous_1)
DA:1,3
DA:5,1
DA:44,1
DA:45,1
DA:51,0
DA:62,3
LF:6
LH:5
BRF:0
BRH:0
end_of_record
TN:
SF:services\user.js
FN:3,(anonymous_0)
FNF:1
FNH:1
FNDA:6,(anonymous_0)
DA:1,2
DA:3,2
DA:4,6
DA:5,4
DA:6,2
DA:7,2
DA:9,2
LF:7
LH:7
BRDA:5,0,0,2
BRDA:5,0,1,2
BRF:2
BRH:2
end_of_record
